08:48:48.544 [main] DEBUG com.intuit.karate.Suite - [config] classpath:karate-config.js
08:48:50.421 [main] DEBUG com.intuit.karate - request:
1 > GET http://aws07wflapp02.aws07.wfl.cloud:8080/wfl-app/services/wfl-claims-rs/v1/claims?claimNumber=C1392
1 > Authorization: Basic cWE6cWE=
1 > Host: aws07wflapp02.aws07.wfl.cloud:8080
1 > Connection: Keep-Alive
1 > User-Agent: Apache-HttpClient/4.5.13 (Java/16.0.1)
1 > Accept-Encoding: gzip,deflate


08:48:50.683 [main] DEBUG com.intuit.karate - response time in milliseconds: 215
1 < 200
1 < Content-Language: en
1 < Date: Fri, 20 Aug 2021 12:48:50 GMT
1 < Content-Type: application/json;charset=UTF-8
1 < Transfer-Encoding: chunked
[{"addresses":null,"extension":{},"currencyCd":null,"policyNumber":"CP0000863460","lossDt":"2021-07-16T00:00:00Z","lossDesc":"test","typeOfResolution":"WITHDRAWN","productVersion":null,"selectedRiskItemOids":null,"knownTimeInd":null,"componentName":null,"causeOfLossCd":null,"lossLocationDesc":null,"claimNumber":"C1392","policy":{"termExpirationDate":"2022-01-01T00:00:00Z","policyLOB":"ACC","riskItems":null,"policyNumber":"CP0000863460","verified":null,"policyStatus":"ACTIVE","productVersion":null,"inceptionDate":null,"parties":[{"nameTypeCd":null,"lastName":"Test","addresses":null,"extension":{},"bankAccountInfo":null,"instanceName":null,"roles":null,"phones":null,"bankName":null,"oid":null,"type":null,"suffix":null,"relationShipToInsuredCd":null,"accountHolderName":null,"emails":null,"contactPreferenceCd":null,"preferredPaymentMethod":null,"companyNumber":null,"namePrefix":null,"bankBranchCd":null,"bankAccountNumber":null,"componentName":null,"bankTransitNumber":null,"birthDt":null,"externalId":null,"additionalNameInd":null,"externalPartyInd":false,"partyRoles":null,"displayValue":null,"firstName":"Test 22","bankAccountType":null,"bankCd":null,"middleName":null,"otherName":null,"partyNumber":null,"additionalName":null}],"termEffectiveDate":"2021-01-01T00:00:00Z","componentName":null,"reportedPolicyNumber":"CP0000863460","policyBLOB":null,"productCd":"GB_AC"},"reportingMethod":null,"reportedDt":"2021-07-16T18:31:00Z","totalIncurred":{"amount":0.0,"currencyCd":"USD"},"policyProductCd":"GB_AC","customerNumber":"520181","claimsPolicyStatus":null,"lineOfBusinessCd":"ACC","claimStatusCd":"CLOSED","claimSubStatusCd":null,"additionalClaimNumber":"OC1392","lossLocation":null,"parties":null,"secondaryLossCauseCd":null,"fileOwner":{"displayValue":"New Claims \u2013 Accident CI HI","typeCd":null,"refId":null},"policyProductVersion":null,"productCd":"CLAIM_ACC_HEALTH"}]
08:48:50.712 [main] INFO  com.intuit.karate - [print] [
  {
    "addresses": null,
    "extension": {
    },
    "currencyCd": null,
    "policyNumber": "CP0000863460",
    "lossDt": "2021-07-16T00:00:00Z",
    "lossDesc": "test",
    "typeOfResolution": "WITHDRAWN",
    "productVersion": null,
    "selectedRiskItemOids": null,
    "knownTimeInd": null,
    "componentName": null,
    "causeOfLossCd": null,
    "lossLocationDesc": null,
    "claimNumber": "C1392",
    "policy": {
      "termExpirationDate": "2022-01-01T00:00:00Z",
      "policyLOB": "ACC",
      "riskItems": null,
      "policyNumber": "CP0000863460",
      "verified": null,
      "policyStatus": "ACTIVE",
      "productVersion": null,
      "inceptionDate": null,
      "parties": [
        {
          "nameTypeCd": null,
          "lastName": "Test",
          "addresses": null,
          "extension": {
          },
          "bankAccountInfo": null,
          "instanceName": null,
          "roles": null,
          "phones": null,
          "bankName": null,
          "oid": null,
          "type": null,
          "suffix": null,
          "relationShipToInsuredCd": null,
          "accountHolderName": null,
          "emails": null,
          "contactPreferenceCd": null,
          "preferredPaymentMethod": null,
          "companyNumber": null,
          "namePrefix": null,
          "bankBranchCd": null,
          "bankAccountNumber": null,
          "componentName": null,
          "bankTransitNumber": null,
          "birthDt": null,
          "externalId": null,
          "additionalNameInd": null,
          "externalPartyInd": false,
          "partyRoles": null,
          "displayValue": null,
          "firstName": "Test 22",
          "bankAccountType": null,
          "bankCd": null,
          "middleName": null,
          "otherName": null,
          "partyNumber": null,
          "additionalName": null
        }
      ],
      "termEffectiveDate": "2021-01-01T00:00:00Z",
      "componentName": null,
      "reportedPolicyNumber": "CP0000863460",
      "policyBLOB": null,
      "productCd": "GB_AC"
    },
    "reportingMethod": null,
    "reportedDt": "2021-07-16T18:31:00Z",
    "totalIncurred": {
      "amount": 0.0,
      "currencyCd": "USD"
    },
    "policyProductCd": "GB_AC",
    "customerNumber": "520181",
    "claimsPolicyStatus": null,
    "lineOfBusinessCd": "ACC",
    "claimStatusCd": "CLOSED",
    "claimSubStatusCd": null,
    "additionalClaimNumber": "OC1392",
    "lossLocation": null,
    "parties": null,
    "secondaryLossCauseCd": null,
    "fileOwner": {
      "displayValue": "New Claims \u2013 Accident CI HI",
      "typeCd": null,
      "refId": null
    },
    "policyProductVersion": null,
    "productCd": "CLAIM_ACC_HEALTH"
  }
]
 
08:48:50.729 [main] INFO  com.intuit.karate - [print] =========Validating field values in response================= : 
08:48:51.991 [main] INFO  com.intuit.karate.Suite - <<pass>> feature 1 of 2 (0 remaining) classpath:wflclaim/getClaim.feature
08:48:52.004 [main] DEBUG com.intuit.karate.Suite - waiting for 2 features to complete
